d:\myprojects\matabee360-2017-02-06-notag-force360_matabee360\matabee\matabee360\release\matabee360.pch
d:\myprojects\matabee360-2017-02-06-notag-force360_matabee360\matabee\matabee360\release\vc142.pdb
d:\myprojects\matabee360-2017-02-06-notag-force360_matabee360\matabee\matabee360\release\stdafx.obj
d:\myprojects\matabee360-2017-02-06-notag-force360_matabee360\matabee\matabee360\release\textprogressctrl.obj
d:\myprojects\matabee360-2017-02-06-notag-force360_matabee360\matabee\matabee360\release\reportdlg.obj
d:\myprojects\matabee360-2017-02-06-notag-force360_matabee360\matabee\matabee360\release\promptdlg.obj
d:\myprojects\matabee360-2017-02-06-notag-force360_matabee360\matabee\matabee360\release\projectmgr.obj
d:\myprojects\matabee360-2017-02-06-notag-force360_matabee360\matabee\matabee360\release\picview.obj
d:\myprojects\matabee360-2017-02-06-notag-force360_matabee360\matabee\matabee360\release\matabee360dlg.obj
d:\myprojects\matabee360-2017-02-06-notag-force360_matabee360\matabee\matabee360\release\matabee360.obj
d:\myprojects\matabee360-2017-02-06-notag-force360_matabee360\matabee\matabee360\release\mandlg.obj
d:\myprojects\matabee360-2017-02-06-notag-force360_matabee360\matabee\matabee360\release\lang.obj
d:\myprojects\matabee360-2017-02-06-notag-force360_matabee360\matabee\matabee360\release\globalapi.obj
d:\myprojects\matabee360-2017-02-06-notag-force360_matabee360\matabee\matabee360\release\configdlg.obj
d:\myprojects\matabee360-2017-02-06-notag-force360_matabee360\matabee\matabee360\release\config.obj
d:\myprojects\matabee360-2017-02-06-notag-force360_matabee360\matabee\matabee360\release\btnst.obj
d:\myprojects\matabee360-2017-02-06-notag-force360_matabee360\matabee\bin\matabee360.exe
d:\myprojects\matabee360-2017-02-06-notag-force360_matabee360\matabee\bin\matabee360.pdb
d:\myprojects\matabee360-2017-02-06-notag-force360_matabee360\matabee\bin\matabee360.ipdb
d:\myprojects\matabee360-2017-02-06-notag-force360_matabee360\matabee\bin\matabee360.iobj
d:\myprojects\matabee360-2017-02-06-notag-force360_matabee360\matabee\matabee360\release\matabee360.res
d:\myprojects\matabee360-2017-02-06-notag-force360_matabee360\matabee\\bin\matabee360.pdb
d:\myprojects\matabee360-2017-02-06-notag-force360_matabee360\matabee\matabee360\release\matabee360.tlog\cl.command.1.tlog
d:\myprojects\matabee360-2017-02-06-notag-force360_matabee360\matabee\matabee360\release\matabee360.tlog\cl.read.1.tlog
d:\myprojects\matabee360-2017-02-06-notag-force360_matabee360\matabee\matabee360\release\matabee360.tlog\cl.write.1.tlog
d:\myprojects\matabee360-2017-02-06-notag-force360_matabee360\matabee\matabee360\release\matabee360.tlog\link.command.1.tlog
d:\myprojects\matabee360-2017-02-06-notag-force360_matabee360\matabee\matabee360\release\matabee360.tlog\link.read.1.tlog
d:\myprojects\matabee360-2017-02-06-notag-force360_matabee360\matabee\matabee360\release\matabee360.tlog\link.write.1.tlog
d:\myprojects\matabee360-2017-02-06-notag-force360_matabee360\matabee\matabee360\release\matabee360.tlog\matabee360.write.1u.tlog
d:\myprojects\matabee360-2017-02-06-notag-force360_matabee360\matabee\matabee360\release\matabee360.tlog\rc.command.1.tlog
d:\myprojects\matabee360-2017-02-06-notag-force360_matabee360\matabee\matabee360\release\matabee360.tlog\rc.read.1.tlog
d:\myprojects\matabee360-2017-02-06-notag-force360_matabee360\matabee\matabee360\release\matabee360.tlog\rc.write.1.tlog
